Tue Jun 25 22:21:23 EDT 2024
$PROBLEM    dummy model
$INPUT      ID TIME DV CMTX EVID MDV AMT ADDL II WT
$DATA      data_run1_sim.csv IGNORE=@
$SUBROUTINE ADVAN2 TRANS2
$PK
   AVAL=WT/70

   TVCL=THETA(1)
   CL=TVCL*EXP(ETA(1))

   TVV=THETA(2)
   V=TVV*EXP(ETA(2))
   S2=V
   
   TVKA=THETA(3)
   KA=TVKA*EXP(ETA(3))

$ERROR 
  IPRED=F
  W=THETA(4)*IPRED
  IRES=DV-IPRED
  IWRES=IRES/W
  Y=IPRED + W*ERR(1)

$THETA  (0,8) ; CL
 (0,80) ; V
 (0,0.8) ; KA
 (0,0.3) ; PROP ERR
$OMEGA  BLOCK(2)
 0.5  ;     PPV_CL
 0.1 0.5  ;      PPV_V
$OMEGA  0.2  ;     PPV_KA
$SIGMA  1  FIX
$ESTIMATION MAXEVAL=9990 PRINT=3 METH=1 INTER
$COVARIANCE
$TABLE      ID TIME IPRED PRED CWRES IWRES NOPRINT ONEHEADER
            FILE=sdtab2
$TABLE      ID CL V KA ETA1 ETA2 ETA3 NOPRINT ONEHEADER FILE=patab2
$TABLE      ID WT NOPRINT ONEHEADER NOAPPEND FILE=cotab2


NM-TRAN MESSAGES
  
 WARNINGS AND ERRORS (IF ANY) FOR PROBLEM    1
             
 (WARNING  2) NM-TRAN INFERS THAT THE DATA ARE POPULATION.

License Registered to: Eli Lilly Company Lilly Research Laboratories Grid Account
Expiration Date:    14 MAR 2025
Current Date:       25 JUN 2024
Days until program expires : 264
1NONLINEAR MIXED EFFECTS MODEL PROGRAM (NONMEM) VERSION 7.5.0
 ORIGINALLY DEVELOPED BY STUART BEAL, LEWIS SHEINER, AND ALISON BOECKMANN
 CURRENT DEVELOPERS ARE ROBERT BAUER, ICON DEVELOPMENT SOLUTIONS,
 AND ALISON BOECKMANN. IMPLEMENTATION, EFFICIENCY, AND STANDARDIZATION
 PERFORMED BY NOUS INFOSYSTEMS.

 PROBLEM NO.:         1
 dummy model
0DATA CHECKOUT RUN:              NO
 DATA SET LOCATED ON UNIT NO.:    2
 THIS UNIT TO BE REWOUND:        NO
 NO. OF DATA RECS IN DATA SET:     2000
 NO. OF DATA ITEMS IN DATA SET:  10
 ID DATA ITEM IS DATA ITEM NO.:   1
 DEP VARIABLE IS DATA ITEM NO.:   3
 MDV DATA ITEM IS DATA ITEM NO.:  6
0INDICES PASSED TO SUBROUTINE PRED:
   5   2   7   0   0   9   0   0   0   0   8
0LABELS FOR DATA ITEMS:
 ID TIME DV CMTX EVID MDV AMT ADDL II WT
0(NONBLANK) LABELS FOR PRED-DEFINED ITEMS:
 CL V KA IPRED IWRES
0FORMAT FOR DATA:
 (2E4.0,E12.0,3E2.0,E4.0,2E2.0,E7.0)

 TOT. NO. OF OBS RECS:     1600
 TOT. NO. OF INDIVIDUALS:      200
0LENGTH OF THETA:   4
0DEFAULT THETA BOUNDARY TEST OMITTED:    NO
0OMEGA HAS BLOCK FORM:
  1
  1  1
  0  0  2
0DEFAULT OMEGA BOUNDARY TEST OMITTED:    NO
0SIGMA HAS SIMPLE DIAGONAL FORM WITH DIMENSION:   1
0DEFAULT SIGMA BOUNDARY TEST OMITTED:    NO
0INITIAL ESTIMATE OF THETA:
 LOWER BOUND    INITIAL EST    UPPER BOUND
  0.0000E+00     0.8000E+01     0.1000E+07
  0.0000E+00     0.8000E+02     0.1000E+07
  0.0000E+00     0.8000E+00     0.1000E+07
  0.0000E+00     0.3000E+00     0.1000E+07
0INITIAL ESTIMATE OF OMEGA:
 BLOCK SET NO.   BLOCK                                                                    FIXED
        1                                                                                   NO
                  0.5000E+00
                  0.1000E+00   0.5000E+00
        2                                                                                   NO
                  0.2000E+00
0INITIAL ESTIMATE OF SIGMA:
 0.1000E+01
0SIGMA CONSTRAINED TO BE THIS INITIAL ESTIMATE
0COVARIANCE STEP OMITTED:        NO
 EIGENVLS. PRINTED:              NO
 SPECIAL COMPUTATION:            NO
 COMPRESSED FORMAT:              NO
 GRADIENT METHOD USED:     NOSLOW
 SIGDIGITS ETAHAT (SIGLO):                  -1
 SIGDIGITS GRADIENTS (SIGL):                -1
 EXCLUDE COV FOR FOCE (NOFCOV):              NO
 Cholesky Transposition of R Matrix (CHOLROFF):0
 KNUTHSUMOFF:                                -1
 RESUME COV ANALYSIS (RESUME):               NO
 SIR SAMPLE SIZE (SIRSAMPLE):
 NON-LINEARLY TRANSFORM THETAS DURING COV (THBND): 1
 PRECONDTIONING CYCLES (PRECOND):        0
 PRECONDTIONING TYPES (PRECONDS):        TOS
 FORCED PRECONDTIONING CYCLES (PFCOND):0
 PRECONDTIONING TYPE (PRETYPE):        0
 FORCED POS. DEFINITE SETTING DURING PRECONDITIONING: (FPOSDEF):0
 SIMPLE POS. DEFINITE SETTING: (POSDEF):-1
0TABLES STEP OMITTED:    NO
 NO. OF TABLES:           3
 SEED NUMBER (SEED):    11456
 RANMETHOD:             3U
 MC SAMPLES (ESAMPLE):    300
 WRES SQUARE ROOT TYPE (WRESCHOL): EIGENVALUE
0-- TABLE   1 --
0RECORDS ONLY:    ALL
04 COLUMNS APPENDED:    YES
 PRINTED:                NO
 HEADERS:               ONE
 FILE TO BE FORWARDED:   NO
 FORMAT:                S1PE11.4
 IDFORMAT:
 LFORMAT:
 RFORMAT:
 FIXED_EFFECT_ETAS:
0USER-CHOSEN ITEMS:
 ID TIME IPRED CWRES IWRES
0-- TABLE   2 --
0RECORDS ONLY:    ALL
04 COLUMNS APPENDED:    YES
 PRINTED:                NO
 HEADERS:               ONE
 FILE TO BE FORWARDED:   NO
 FORMAT:                S1PE11.4
 IDFORMAT:
 LFORMAT:
 RFORMAT:
 FIXED_EFFECT_ETAS:
0USER-CHOSEN ITEMS:
 ID CL V KA ETA1 ETA2 ETA3
0-- TABLE   3 --
0RECORDS ONLY:    ALL
04 COLUMNS APPENDED:    NO
 PRINTED:                NO
 HEADERS:               ONE
 FILE TO BE FORWARDED:   NO
 FORMAT:                S1PE11.4
 IDFORMAT:
 LFORMAT:
 RFORMAT:
 FIXED_EFFECT_ETAS:
0USER-CHOSEN ITEMS:
 ID WT
1DOUBLE PRECISION PREDPP VERSION 7.5.0

 ONE COMPARTMENT MODEL WITH FIRST-ORDER ABSORPTION (ADVAN2)
0MAXIMUM NO. OF BASIC PK PARAMETERS:   3
0BASIC PK PARAMETERS (AFTER TRANSLATION):
   ELIMINATION RATE (K) IS BASIC PK PARAMETER NO.:  1
   ABSORPTION RATE (KA) IS BASIC PK PARAMETER NO.:  3

 TRANSLATOR WILL CONVERT PARAMETERS
 CLEARANCE (CL) AND VOLUME (V) TO K (TRANS2)
0COMPARTMENT ATTRIBUTES
 COMPT. NO.   FUNCTION   INITIAL    ON/OFF      DOSE      DEFAULT    DEFAULT
                         STATUS     ALLOWED    ALLOWED    FOR DOSE   FOR OBS.
    1         DEPOT        OFF        YES        YES        YES        NO
    2         CENTRAL      ON         NO         YES        NO         YES
    3         OUTPUT       OFF        YES        NO         NO         NO
1
 ADDITIONAL PK PARAMETERS - ASSIGNMENT OF ROWS IN GG
 COMPT. NO.                             INDICES
              SCALE      BIOAVAIL.   ZERO-ORDER  ZERO-ORDER  ABSORB
                         FRACTION    RATE        DURATION    LAG
    1            *           *           *           *           *
    2            4           *           *           *           *
    3            *           -           -           -           -
             - PARAMETER IS NOT ALLOWED FOR THIS MODEL
             * PARAMETER IS NOT SUPPLIED BY PK SUBROUTINE;
               WILL DEFAULT TO ONE IF APPLICABLE
0DATA ITEM INDICES USED BY PRED ARE:
   EVENT ID DATA ITEM IS DATA ITEM NO.:      5
   TIME DATA ITEM IS DATA ITEM NO.:          2
   DOSE AMOUNT DATA ITEM IS DATA ITEM NO.:   7
   INTERVAL DATA ITEM IS DATA ITEM NO.:      9
   ADDL. DOSES DATA ITEM IS DATA ITEM NO.:   8

0PK SUBROUTINE CALLED WITH EVERY EVENT RECORD.
 PK SUBROUTINE NOT CALLED AT NONEVENT (ADDITIONAL OR LAGGED) DOSE TIMES.
0ERROR SUBROUTINE CALLED WITH EVERY EVENT RECORD.
1


 #TBLN:      1
 #METH: First Order Conditional Estimation with Interaction

 ESTIMATION STEP OMITTED:                 NO
 ANALYSIS TYPE:                           POPULATION
 NUMBER OF SADDLE POINT RESET ITERATIONS:      0
 GRADIENT METHOD USED:               NOSLOW
 CONDITIONAL ESTIMATES USED:              YES
 CENTERED ETA:                            NO
 EPS-ETA INTERACTION:                     YES
 LAPLACIAN OBJ. FUNC.:                    NO
 NO. OF FUNCT. EVALS. ALLOWED:            9990
 NO. OF SIG. FIGURES REQUIRED:            3
 INTERMEDIATE PRINTOUT:                   YES
 ESTIMATE OUTPUT TO MSF:                  NO
 IND. OBJ. FUNC. VALUES SORTED:           NO
 NUMERICAL DERIVATIVE
       FILE REQUEST (NUMDER):               NONE
 MAP (ETAHAT) ESTIMATION METHOD (OPTMAP):   0
 ETA HESSIAN EVALUATION METHOD (ETADER):    0
 INITIAL ETA FOR MAP ESTIMATION (MCETA):    0
 SIGDIGITS FOR MAP ESTIMATION (SIGLO):      100
 GRADIENT SIGDIGITS OF
       FIXED EFFECTS PARAMETERS (SIGL):     100
 NOPRIOR SETTING (NOPRIOR):                 0
 NOCOV SETTING (NOCOV):                     OFF
 DERCONT SETTING (DERCONT):                 OFF
 FINAL ETA RE-EVALUATION (FNLETA):          1
 EXCLUDE NON-INFLUENTIAL (NON-INFL.) ETAS
       IN SHRINKAGE (ETASTYPE):             NO
 NON-INFL. ETA CORRECTION (NONINFETA):      0
 RAW OUTPUT FILE (FILE): psn.ext
 EXCLUDE TITLE (NOTITLE):                   NO
 EXCLUDE COLUMN LABELS (NOLABEL):           NO
 FORMAT FOR ADDITIONAL FILES (FORMAT):      S1PE12.5
 PARAMETER ORDER FOR OUTPUTS (ORDER):       TSOL
 KNUTHSUMOFF:                               0
 INCLUDE LNTWOPI:                           NO
 INCLUDE CONSTANT TERM TO PRIOR (PRIORC):   NO
 INCLUDE CONSTANT TERM TO OMEGA (ETA) (OLNTWOPI):NO
 ADDITIONAL CONVERGENCE TEST (CTYPE=4)?:    NO
 EM OR BAYESIAN METHOD USED:                 NONE


 THE FOLLOWING LABELS ARE EQUIVALENT
 PRED=PREDI
 RES=RESI
 WRES=WRESI
 IWRS=IWRESI
 IPRD=IPREDI
 IRS=IRESI

 MONITORING OF SEARCH:


0ITERATION NO.:    0    OBJECTIVE VALUE:  -5704.18083638417        NO. OF FUNC. EVALS.:   6
 CUMULATIVE NO. OF FUNC. EVALS.:        6
 NPARAMETR:  8.0000E+00  8.0000E+01  8.0000E-01  3.0000E-01  5.0000E-01  1.0000E-01  5.0000E-01  2.0000E-01
 PARAMETER:  1.0000E-01  1.0000E-01  1.0000E-01  1.0000E-01  1.0000E-01  1.0000E-01  1.0000E-01  1.0000E-01
 GRADIENT:  -2.0750E+02 -3.4575E+02 -1.3271E+02  1.0878E+03  7.2765E+01 -5.5539E+02 -6.6668E+01 -8.7684E+01

0ITERATION NO.:    3    OBJECTIVE VALUE:  -6134.71779626159        NO. OF FUNC. EVALS.:  22
 CUMULATIVE NO. OF FUNC. EVALS.:       28
 NPARAMETR:  1.0296E+01  1.1162E+02  9.9386E-01  2.1289E-01  3.7224E-01  4.4076E-01  8.2729E-01  3.7918E-01
 PARAMETER:  3.5228E-01  4.3308E-01  3.1699E-01 -2.4301E-01 -4.7529E-02  5.1083E-01 -1.2608E-01  4.1984E-01
 GRADIENT:  -2.1073E+01 -8.4356E+00  5.9243E+01  2.0007E+02 -1.9343E+02  3.9961E+02 -6.3523E+00 -2.4061E+01

0ITERATION NO.:    6    OBJECTIVE VALUE:  -6165.44930278974        NO. OF FUNC. EVALS.:  21
 CUMULATIVE NO. OF FUNC. EVALS.:       49
 NPARAMETR:  1.1799E+01  1.3352E+02  1.0344E+00  2.0601E-01  3.7909E-01  2.8990E-01  4.2112E-01  6.4916E-01
 PARAMETER:  4.8855E-01  6.1221E-01  3.5700E-01 -2.7584E-01 -3.8412E-02  3.3293E-01 -3.3916E-01  6.8868E-01
 GRADIENT:   8.1364E+01  6.1324E+01  5.2208E+01  7.8527E+01  3.3429E+01 -2.7805E+01 -8.9297E+01  1.0022E+02

0ITERATION NO.:    9    OBJECTIVE VALUE:  -6182.35196134176        NO. OF FUNC. EVALS.:  23
 CUMULATIVE NO. OF FUNC. EVALS.:       72
 NPARAMETR:  1.1073E+01  1.2559E+02  9.6967E-01  2.0354E-01  3.5572E-01  2.7897E-01  4.4176E-01  5.0558E-01
 PARAMETER:  4.2507E-01  5.5097E-01  2.9235E-01 -2.8792E-01 -7.0227E-02  3.3074E-01 -2.8335E-01  5.6370E-01
 GRADIENT:   2.9847E+01  3.3377E+01  2.4438E+01  3.6391E+01 -3.4029E-01  3.1714E+00 -4.5703E+01  4.8337E+01

0ITERATION NO.:   12    OBJECTIVE VALUE:  -6187.11824757781        NO. OF FUNC. EVALS.:  50
 CUMULATIVE NO. OF FUNC. EVALS.:      122
 NPARAMETR:  1.1319E+01  1.2848E+02  9.3655E-01  2.0254E-01  3.5181E-01  2.7323E-01  4.5823E-01  4.1397E-01
 PARAMETER:  4.4707E-01  5.7376E-01  2.5759E-01 -2.9283E-01 -7.5751E-02  3.2573E-01 -2.3416E-01  4.6373E-01
 GRADIENT:   3.4817E-02 -4.8594E+00 -1.7229E-01  8.5327E+00 -1.4733E+00 -4.3706E+00 -1.0283E+01  9.9815E-02

0ITERATION NO.:   15    OBJECTIVE VALUE:  -6187.22480429763        NO. OF FUNC. EVALS.:  36
 CUMULATIVE NO. OF FUNC. EVALS.:      158
 NPARAMETR:  1.1353E+01  1.2923E+02  9.3730E-01  2.0212E-01  3.5451E-01  2.7636E-01  4.6884E-01  4.1358E-01
 PARAMETER:  4.5004E-01  5.7960E-01  2.5839E-01 -2.9494E-01 -7.1939E-02  3.2821E-01 -2.1941E-01  4.6327E-01
 GRADIENT:   5.9788E-02 -7.0926E-02 -1.5592E-01  6.4782E-02 -2.7592E-02  4.2528E-03  4.4765E-02  6.6991E-03

 #TERM:
0MINIMIZATION SUCCESSFUL
 NO. OF FUNCTION EVALUATIONS USED:      158
 NO. OF SIG. DIGITS IN FINAL EST.:  3.1

 ETABAR IS THE ARITHMETIC MEAN OF THE ETA-ESTIMATES,
 AND THE P-VALUE IS GIVEN FOR THE NULL HYPOTHESIS THAT THE TRUE MEAN IS 0.

 ETABAR:        -7.9698E-04 -1.2181E-02 -2.6954E-02
 SE:             4.1607E-02  4.7396E-02  4.0668E-02
 N:                     200         200         200

 P VAL.:         9.8472E-01  7.9717E-01  5.0748E-01

 ETASHRINKSD(%)  9.2539E-01  1.8630E+00  1.0344E+01
 ETASHRINKVR(%)  1.8422E+00  3.6913E+00  1.9618E+01
 EBVSHRINKSD(%)  1.0268E+00  1.7779E+00  8.4043E+00
 EBVSHRINKVR(%)  2.0431E+00  3.5242E+00  1.6102E+01
 RELATIVEINF(%)  9.7982E+01  9.4761E+01  8.3582E+01
 EPSSHRINKSD(%)  1.7112E+01
 EPSSHRINKVR(%)  3.1295E+01

  
 TOTAL DATA POINTS NORMALLY DISTRIBUTED (N):         1600
 N*LOG(2PI) CONSTANT TO OBJECTIVE FUNCTION:    2940.6033062549527     
 OBJECTIVE FUNCTION VALUE WITHOUT CONSTANT:   -6187.2248042976335     
 OBJECTIVE FUNCTION VALUE WITH CONSTANT:      -3246.6214980426807     
 REPORTED OBJECTIVE FUNCTION DOES NOT CONTAIN CONSTANT
  
 TOTAL EFFECTIVE ETAS (NIND*NETA):                           600
  
 #TERE:
 Elapsed estimation  time in seconds:     5.62
 Elapsed covariance  time in seconds:     3.75
 Elapsed postprocess time in seconds:     0.09
1
 
 
 
 
 
 
 
 
 
 
 
 
 
 
 
 
 
 
 
 
 ************************************************************************************************************************
 ********************                                                                                ********************
 ********************               FIRST ORDER CONDITIONAL ESTIMATION WITH INTERACTION              ********************
 #OBJT:**************                       MINIMUM VALUE OF OBJECTIVE FUNCTION                      ********************
 ********************                                                                                ********************
 ************************************************************************************************************************
 





 #OBJV:********************************************    -6187.225       **************************************************
1
 ************************************************************************************************************************
 ********************                                                                                ********************
 ********************               FIRST ORDER CONDITIONAL ESTIMATION WITH INTERACTION              ********************
 ********************                             FINAL PARAMETER ESTIMATE                           ********************
 ********************                                                                                ********************
 ************************************************************************************************************************
 


 THETA - VECTOR OF FIXED EFFECTS PARAMETERS   *********


         TH 1      TH 2      TH 3      TH 4     
 
         1.14E+01  1.29E+02  9.37E-01  2.02E-01
 


 OMEGA - COV MATRIX FOR RANDOM EFFECTS - ETAS  ********


         ETA1      ETA2      ETA3     
 
 ETA1
+        3.55E-01
 
 ETA2
+        2.76E-01  4.69E-01
 
 ETA3
+        0.00E+00  0.00E+00  4.14E-01
 


 SIGMA - COV MATRIX FOR RANDOM EFFECTS - EPSILONS  ****


         EPS1     
 
 EPS1
+        1.00E+00
 
1


 OMEGA - CORR MATRIX FOR RANDOM EFFECTS - ETAS  *******


         ETA1      ETA2      ETA3     
 
 ETA1
+        5.95E-01
 
 ETA2
+        6.78E-01  6.85E-01
 
 ETA3
+        0.00E+00  0.00E+00  6.43E-01
 


 SIGMA - CORR MATRIX FOR RANDOM EFFECTS - EPSILONS  ***


         EPS1     
 
 EPS1
+        1.00E+00
 
1
 ************************************************************************************************************************
 ********************                                                                                ********************
 ********************               FIRST ORDER CONDITIONAL ESTIMATION WITH INTERACTION              ********************
 ********************                            STANDARD ERROR OF ESTIMATE                          ********************
 ********************                                                                                ********************
 ************************************************************************************************************************
 


 THETA - VECTOR OF FIXED EFFECTS PARAMETERS   *********


         TH 1      TH 2      TH 3      TH 4     
 
         4.83E-01  6.41E+00  4.56E-02  4.61E-03
 


 OMEGA - COV MATRIX FOR RANDOM EFFECTS - ETAS  ********


         ETA1      ETA2      ETA3     
 
 ETA1
+        3.82E-02
 
 ETA2
+        3.18E-02  4.26E-02
 
 ETA3
+       ......... .........  6.09E-02
 


 SIGMA - COV MATRIX FOR RANDOM EFFECTS - EPSILONS  ****


         EPS1     
 
 EPS1
+       .........
 
1


 OMEGA - CORR MATRIX FOR RANDOM EFFECTS - ETAS  *******


         ETA1      ETA2      ETA3     
 
 ETA1
+        3.21E-02
 
 ETA2
+        3.48E-02  3.11E-02
 
 ETA3
+       ......... .........  4.73E-02
 


 SIGMA - CORR MATRIX FOR RANDOM EFFECTS - EPSILONS  ***


         EPS1     
 
 EPS1
+       .........
 
1
 ************************************************************************************************************************
 ********************                                                                                ********************
 ********************               FIRST ORDER CONDITIONAL ESTIMATION WITH INTERACTION              ********************
 ********************                          COVARIANCE MATRIX OF ESTIMATE                         ********************
 ********************                                                                                ********************
 ************************************************************************************************************************
 

            TH 1      TH 2      TH 3      TH 4      OM11      OM12      OM13      OM22      OM23      OM33      SG11  
 
 TH 1
+        2.33E-01
 
 TH 2
+        2.09E+00  4.11E+01
 
 TH 3
+        1.21E-03  1.37E-02  2.08E-03
 
 TH 4
+        1.95E-04  2.69E-03 -7.77E-06  2.13E-05
 
 OM11
+       -1.86E-03 -3.08E-02  7.13E-05 -7.90E-06  1.46E-03
 
 OM12
+       -2.93E-03 -3.43E-02  3.39E-05 -1.93E-05  9.25E-04  1.01E-03
 
 OM13
+       ......... ......... ......... ......... ......... ......... .........
 
 OM22
+       -3.03E-03 -1.26E-02 -1.88E-06 -1.94E-05  5.41E-04  1.01E-03 .........  1.82E-03
 
 OM23
+       ......... ......... ......... ......... ......... ......... ......... ......... .........
 
 OM33
+       -3.18E-03 -2.55E-02 -5.97E-04  2.07E-06 -4.19E-05 -1.62E-05 ......... -4.57E-05 .........  3.71E-03
 
 SG11
+       ......... ......... ......... ......... ......... ......... ......... ......... ......... ......... .........
 
1
 ************************************************************************************************************************
 ********************                                                                                ********************
 ********************               FIRST ORDER CONDITIONAL ESTIMATION WITH INTERACTION              ********************
 ********************                          CORRELATION MATRIX OF ESTIMATE                        ********************
 ********************                                                                                ********************
 ************************************************************************************************************************
 

            TH 1      TH 2      TH 3      TH 4      OM11      OM12      OM13      OM22      OM23      OM33      SG11  
 
 TH 1
+        4.83E-01
 
 TH 2
+        6.77E-01  6.41E+00
 
 TH 3
+        5.50E-02  4.68E-02  4.56E-02
 
 TH 4
+        8.78E-02  9.09E-02 -3.69E-02  4.61E-03
 
 OM11
+       -1.01E-01 -1.26E-01  4.09E-02 -4.48E-02  3.82E-02
 
 OM12
+       -1.91E-01 -1.68E-01  2.33E-02 -1.31E-01  7.60E-01  3.18E-02
 
 OM13
+       ......... ......... ......... ......... ......... ......... .........
 
 OM22
+       -1.47E-01 -4.59E-02 -9.68E-04 -9.88E-02  3.32E-01  7.44E-01 .........  4.26E-02
 
 OM23
+       ......... ......... ......... ......... ......... ......... ......... ......... .........
 
 OM33
+       -1.08E-01 -6.54E-02 -2.15E-01  7.37E-03 -1.80E-02 -8.36E-03 ......... -1.76E-02 .........  6.09E-02
 
 SG11
+       ......... ......... ......... ......... ......... ......... ......... ......... ......... ......... .........
 
1
 ************************************************************************************************************************
 ********************                                                                                ********************
 ********************               FIRST ORDER CONDITIONAL ESTIMATION WITH INTERACTION              ********************
 ********************                      INVERSE COVARIANCE MATRIX OF ESTIMATE                     ********************
 ********************                                                                                ********************
 ************************************************************************************************************************
 

            TH 1      TH 2      TH 3      TH 4      OM11      OM12      OM13      OM22      OM23      OM33      SG11  
 
 TH 1
+        8.20E+00
 
 TH 2
+       -4.12E-01  4.65E-02
 
 TH 3
+       -8.31E-01 -1.14E-01  5.06E+02
 
 TH 4
+       -1.37E+01 -1.65E+00  1.92E+02  4.86E+04
 
 OM11
+       -3.46E+00 -3.88E-01 -1.98E+01 -1.01E+03  2.32E+03
 
 OM12
+        2.25E+00  2.19E+00 -1.89E+01  2.16E+03 -3.26E+03  6.89E+03
 
 OM13
+       ......... ......... ......... ......... ......... ......... .........
 
 OM22
+        1.05E+01 -1.48E+00  1.88E+01 -4.14E+02  1.10E+03 -2.82E+03 .........  1.79E+03
 
 OM23
+       ......... ......... ......... ......... ......... ......... ......... ......... .........
 
 OM33
+        4.18E+00 -6.39E-02  7.98E+01 -2.64E+01  1.73E+01 -2.87E+01 .........  2.43E+01 .........  2.86E+02
 
 SG11
+       ......... ......... ......... ......... ......... ......... ......... ......... ......... ......... .........
 
 Elapsed finaloutput time in seconds:     0.16
 #CPUT: Total CPU Time in Seconds,        9.897
Stop Time:
Tue Jun 25 22:21:39 EDT 2024
